#
# A fatal error has been detected by the Java Runtime Environment:
#
#  EXCEPTION_ACCESS_VIOLATION (0xc0000005) at pc=0x0000000066998e3d, pid=14048, tid=0x00000000000033f4
#
# JRE version: Java(TM) SE Runtime Environment (8.0_144-b01) (build 1.8.0_144-b01)
# Java VM: Java HotSpot(TM) 64-Bit Server VM (25.144-b01 mixed mode windows-amd64 compressed oops)
# Problematic frame:
# V  [jvm.dll+0x98e3d]
#
# Failed to write core dump. Minidumps are not enabled by default on client versions of Windows
#
# If you would like to submit a bug report, please visit:
#   http://bugreport.java.com/bugreport/crash.jsp
#

---------------  T H R E A D  ---------------

Current thread (0x0000000016c04000):  JavaThread "C1 CompilerThread1" daemon [_thread_in_vm, id=13300, stack(0x0000000017c50000,0x0000000017d50000)]

siginfo: ExceptionCode=0xc0000005, reading address 0xffffffffffffffff

Registers:
RAX=0xffffffffffffffff, RBX=0x480000000016bf96, RCX=0x0000000000000000, RDX=0x0000000000000000
RSP=0x0000000017d4eb40, RBP=0x0000000017d4ebc9, RSI=0x0000000000000001, RDI=0x0000000004f89ba5
R8 =0x0000000017d4eb01, R9 =0x0000000066900000, R10=0x0000000000000000, R11=0x0000000000000000
R12=0x000000000000f000, R13=0x0000000066ef28c8, R14=0x0000000066ee23a8, R15=0x0000000000000000
RIP=0x0000000066998e3d, EFLAGS=0x0000000000010213

Top of Stack: (sp=0x0000000017d4eb40)
0x0000000017d4eb40:   0000000016bf9608 0000000000000001
0x0000000017d4eb50:   0000000000000001 0000000016c048d0
0x0000000017d4eb60:   0000000000000000 0000000004f89802
0x0000000017d4eb70:   0000000004f89980 0000000004f896d0
0x0000000017d4eb80:   0000000004f89ba2 00000000669015d6
0x0000000017d4eb90:   0000000000000000 0000000000000000
0x0000000017d4eba0:   0000000004f89980 0000000004f89980
0x0000000017d4ebb0:   0000000004f8ab20 0000000004f89980
0x0000000017d4ebc0:   0000000004f8ab20 0000000004f8ac78
0x0000000017d4ebd0:   0000000066ef28c8 0000000017d4eb60
0x0000000017d4ebe0:   0000000000000000 000000006699b556
0x0000000017d4ebf0:   0000000004f896d0 000000006699dd35
0x0000000017d4ec00:   0000000017d4f1b8 0000000017d4f1a0
0x0000000017d4ec10:   0000000019a40c30 0000000017d4f1f8
0x0000000017d4ec20:   0000000017d4f1d8 000000006699c044
0x0000000017d4ec30:   0000000016c04880 0000000016c048d0 

Instructions: (pc=0x0000000066998e3d)
0x0000000066998e1d:   75 35 48 8d 4d 07 e8 e8 59 00 00 48 8b f8 48 8b
0x0000000066998e2d:   18 48 85 db 74 1e e8 f8 8c 05 00 48 3b d8 74 14
0x0000000066998e3d:   48 8b 0b 48 89 0f 48 8d 4d 07 e8 44 5a 00 00 e9
0x0000000066998e4d:   35 ff ff ff 48 89 1f 48 8d 4d 07 e8 33 5a 00 00 


Register to memory mapping:

RAX=0xffffffffffffffff is an unknown value
RBX=0x480000000016bf96 is an unknown value
RCX=0x0000000000000000 is an unknown value
RDX=0x0000000000000000 is an unknown value
RSP=0x0000000017d4eb40 is pointing into the stack for thread: 0x0000000016c04000
RBP=0x0000000017d4ebc9 is pointing into the stack for thread: 0x0000000016c04000
RSI=0x0000000000000001 is an unknown value
RDI=0x0000000004f89ba5 is at entry_point+549 in (nmethod*)0x0000000004f896d0
R8 =0x0000000017d4eb01 is pointing into the stack for thread: 0x0000000016c04000
R9 =0x0000000066900000 is an unknown value
R10=0x0000000000000000 is an unknown value
R11=0x0000000000000000 is an unknown value
R12=0x000000000000f000 is an unknown value
R13=0x0000000066ef28c8 is an unknown value
R14=0x0000000066ee23a8 is an unknown value
R15=0x0000000000000000 is an unknown value


Stack: [0x0000000017c50000,0x0000000017d50000],  sp=0x0000000017d4eb40,  free space=1018k
Native frames: (J=compiled Java code, j=interpreted, Vv=VM code, C=native code)
V  [jvm.dll+0x98e3d]
V  [jvm.dll+0x9c044]
V  [jvm.dll+0x9d812]
V  [jvm.dll+0x30f1e]
V  [jvm.dll+0x40e019]
V  [jvm.dll+0x40efd4]
V  [jvm.dll+0x40f181]
V  [jvm.dll+0x40f38f]
V  [jvm.dll+0xa5dc2]
V  [jvm.dll+0xa66ff]
V  [jvm.dll+0x24524f]
V  [jvm.dll+0x29ca6a]
C  [msvcr100.dll+0x21d9f]
C  [msvcr100.dll+0x21e3b]
C  [KERNEL32.dll+0x11fe4]
C  [ntdll.dll+0x6f061]


Current CompileTask:
C1:   3173 1938       3       java.lang.invoke.InvokerBytecodeGenerator::emitImplicitConversion (159 bytes)


---------------  P R O C E S S  ---------------

Java Threads: ( => current thread )
  0x00000000184b4000 JavaThread "ReaderThread" [_thread_in_native, id=14152, stack(0x0000000018e90000,0x0000000018f90000)]
  0x0000000016c82000 JavaThread "Service Thread" daemon [_thread_blocked, id=13608, stack(0x0000000017d50000,0x0000000017e50000)]
=>0x0000000016c04000 JavaThread "C1 CompilerThread1" daemon [_thread_in_vm, id=13300, stack(0x0000000017c50000,0x0000000017d50000)]
  0x0000000016c02000 JavaThread "C2 CompilerThread0" daemon [_thread_blocked, id=14120, stack(0x0000000017b50000,0x0000000017c50000)]
  0x0000000016c00800 JavaThread "Attach Listener" daemon [_thread_blocked, id=7560, stack(0x0000000017a50000,0x0000000017b50000)]
  0x0000000016bfd800 JavaThread "Signal Dispatcher" daemon [_thread_blocked, id=12824, stack(0x0000000017950000,0x0000000017a50000)]
  0x0000000016be8800 JavaThread "Finalizer" daemon [_thread_blocked, id=12900, stack(0x0000000017850000,0x0000000017950000)]
  0x00000000047b2000 JavaThread "Reference Handler" daemon [_thread_blocked, id=12368, stack(0x0000000017750000,0x0000000017850000)]
  0x00000000046c3800 JavaThread "main" [_thread_blocked, id=13224, stack(0x00000000044d0000,0x00000000045d0000)]

Other Threads:
  0x0000000016bc6000 VMThread [stack: 0x0000000017650000,0x0000000017750000] [id=10856]
  0x0000000016c86800 WatcherThread [stack: 0x0000000017e50000,0x0000000017f50000] [id=6460]

VM state:not at safepoint (normal execution)

VM Mutex/Monitor currently owned by a thread:  ([mutex/lock_event])
[0x000000000467e8f0] CodeCache_lock - owner thread: 0x0000000016c04000
[0x00000000046c1360] Compile_lock - owner thread: 0x0000000016c04000
[0x00000000046c17e0] MethodCompileQueue_lock - owner thread: 0x0000000016c04000

Heap:
 PSYoungGen      total 34304K, used 12926K [0x00000000eb600000, 0x00000000eda00000, 0x0000000100000000)
  eden space 31744K, 32% used [0x00000000eb600000,0x00000000ec023940,0x00000000ed500000)
  from space 2560K, 99% used [0x00000000ed780000,0x00000000ed9fc080,0x00000000eda00000)
  to   space 2560K, 0% used [0x00000000ed500000,0x00000000ed500000,0x00000000ed780000)
 ParOldGen       total 42496K, used 8464K [0x00000000c2200000, 0x00000000c4b80000, 0x00000000eb600000)
  object space 42496K, 19% used [0x00000000c2200000,0x00000000c2a441e0,0x00000000c4b80000)
 Metaspace       used 17728K, capacity 17964K, committed 18176K, reserved 1064960K
  class space    used 2110K, capacity 2189K, committed 2304K, reserved 1048576K

Card table byte_map: [0x0000000013c80000,0x0000000013e70000] byte_map_base: 0x000000001366f000

Marking Bits: (ParMarkBitMap*) 0x000000006711d850
 Begin Bits: [0x00000000141c0000, 0x0000000015138000)
 End Bits:   [0x0000000015138000, 0x00000000160b0000)

Polling page: 0x0000000002ba0000

CodeCache: size=245760Kb used=6944Kb max_used=6944Kb free=238815Kb
 bounds [0x00000000048c0000, 0x0000000004f90000, 0x00000000138c0000]
 total_blobs=2340 nmethods=1937 adapters=316
 compilation: enabled

Compilation events (10 events):
Event: 3.026 Thread 0x0000000016c04000 nmethod 1930 0x0000000004f86990 code [0x0000000004f86ae0, 0x0000000004f86cd0]
Event: 3.026 Thread 0x0000000016c04000 1931       3       java.lang.invoke.LambdaForm$BasicType::basicTypeSlots (8 bytes)
Event: 3.026 Thread 0x0000000016c04000 nmethod 1931 0x0000000004f86510 code [0x0000000004f86680, 0x0000000004f868b0]
Event: 3.026 Thread 0x0000000016c04000 1932       3       sun.invoke.util.Wrapper::stackSlots (9 bytes)
Event: 3.026 Thread 0x0000000016c04000 nmethod 1932 0x0000000004f85f10 code [0x0000000004f86060, 0x0000000004f861b0]
Event: 3.026 Thread 0x0000000016c04000 1935       3       java.lang.Class::getEnclosingMethodInfo (21 bytes)
Event: 3.026 Thread 0x0000000016c04000 nmethod 1935 0x0000000004f856d0 code [0x0000000004f85860, 0x0000000004f85ab8]
Event: 3.026 Thread 0x0000000016c04000 1937       3       jdk.internal.org.objectweb.asm.MethodWriter::visitVarInsn (292 bytes)
Event: 3.027 Thread 0x0000000016c04000 nmethod 1937 0x0000000004f88650 code [0x0000000004f88880, 0x0000000004f892e8]
Event: 3.027 Thread 0x0000000016c04000 1938       3       java.lang.invoke.InvokerBytecodeGenerator::emitImplicitConversion (159 bytes)

GC Heap History (8 events):
Event: 0.931 GC heap before
{Heap before GC invocations=1 (full 0):
 PSYoungGen      total 18432K, used 15872K [0x00000000eb600000, 0x00000000eca80000, 0x0000000100000000)
  eden space 15872K, 100% used [0x00000000eb600000,0x00000000ec580000,0x00000000ec580000)
  from space 2560K, 0% used [0x00000000ec800000,0x00000000ec800000,0x00000000eca80000)
  to   space 2560K, 0% used [0x00000000ec580000,0x00000000ec580000,0x00000000ec800000)
 ParOldGen       total 42496K, used 0K [0x00000000c2200000, 0x00000000c4b80000, 0x00000000eb600000)
  object space 42496K, 0% used [0x00000000c2200000,0x00000000c2200000,0x00000000c4b80000)
 Metaspace       used 8303K, capacity 8470K, committed 8704K, reserved 1056768K
  class space    used 967K, capacity 1009K, committed 1024K, reserved 1048576K
Event: 0.938 GC heap after
Heap after GC invocations=1 (full 0):
 PSYoungGen      total 18432K, used 2530K [0x00000000eb600000, 0x00000000eca80000, 0x0000000100000000)
  eden space 15872K, 0% used [0x00000000eb600000,0x00000000eb600000,0x00000000ec580000)
  from space 2560K, 98% used [0x00000000ec580000,0x00000000ec7f8a60,0x00000000ec800000)
  to   space 2560K, 0% used [0x00000000ec800000,0x00000000ec800000,0x00000000eca80000)
 ParOldGen       total 42496K, used 1159K [0x00000000c2200000, 0x00000000c4b80000, 0x00000000eb600000)
  object space 42496K, 2% used [0x00000000c2200000,0x00000000c2321d68,0x00000000c4b80000)
 Metaspace       used 8303K, capacity 8470K, committed 8704K, reserved 1056768K
  class space    used 967K, capacity 1009K, committed 1024K, reserved 1048576K
}
Event: 1.307 GC heap before
{Heap before GC invocations=2 (full 0):
 PSYoungGen      total 18432K, used 18402K [0x00000000eb600000, 0x00000000eca80000, 0x0000000100000000)
  eden space 15872K, 100% used [0x00000000eb600000,0x00000000ec580000,0x00000000ec580000)
  from space 2560K, 98% used [0x00000000ec580000,0x00000000ec7f8a60,0x00000000ec800000)
  to   space 2560K, 0% used [0x00000000ec800000,0x00000000ec800000,0x00000000eca80000)
 ParOldGen       total 42496K, used 1159K [0x00000000c2200000, 0x00000000c4b80000, 0x00000000eb600000)
  object space 42496K, 2% used [0x00000000c2200000,0x00000000c2321d68,0x00000000c4b80000)
 Metaspace       used 11266K, capacity 11382K, committed 11648K, reserved 1058816K
  class space    used 1319K, capacity 1361K, committed 1408K, reserved 1048576K
Event: 1.314 GC heap after
Heap after GC invocations=2 (full 0):
 PSYoungGen      total 18432K, used 2535K [0x00000000eb600000, 0x00000000eda00000, 0x0000000100000000)
  eden space 15872K, 0% used [0x00000000eb600000,0x00000000eb600000,0x00000000ec580000)
  from space 2560K, 99% used [0x00000000ec800000,0x00000000eca79d98,0x00000000eca80000)
  to   space 2560K, 0% used [0x00000000ec580000,0x00000000ec580000,0x00000000ec800000)
 ParOldGen       total 42496K, used 2788K [0x00000000c2200000, 0x00000000c4b80000, 0x00000000eb600000)
  object space 42496K, 6% used [0x00000000c2200000,0x00000000c24b9140,0x00000000c4b80000)
 Metaspace       used 11266K, capacity 11382K, committed 11648K, reserved 1058816K
  class space    used 1319K, capacity 1361K, committed 1408K, reserved 1048576K
}
Event: 1.758 GC heap before
{Heap before GC invocations=3 (full 0):
 PSYoungGen      total 18432K, used 18407K [0x00000000eb600000, 0x00000000eda00000, 0x0000000100000000)
  eden space 15872K, 100% used [0x00000000eb600000,0x00000000ec580000,0x00000000ec580000)
  from space 2560K, 99% used [0x00000000ec800000,0x00000000eca79d98,0x00000000eca80000)
  to   space 2560K, 0% used [0x00000000ec580000,0x00000000ec580000,0x00000000ec800000)
 ParOldGen       total 42496K, used 2788K [0x00000000c2200000, 0x00000000c4b80000, 0x00000000eb600000)
  object space 42496K, 6% used [0x00000000c2200000,0x00000000c24b9140,0x00000000c4b80000)
 Metaspace       used 13458K, capacity 13596K, committed 13696K, reserved 1060864K
  class space    used 1623K, capacity 1650K, committed 1664K, reserved 1048576K
Event: 1.769 GC heap after
Heap after GC invocations=3 (full 0):
 PSYoungGen      total 18432K, used 2528K [0x00000000eb600000, 0x00000000eda00000, 0x0000000100000000)
  eden space 15872K, 0% used [0x00000000eb600000,0x00000000eb600000,0x00000000ec580000)
  from space 2560K, 98% used [0x00000000ec580000,0x00000000ec7f8060,0x00000000ec800000)
  to   space 2560K, 0% used [0x00000000ed780000,0x00000000ed780000,0x00000000eda00000)
 ParOldGen       total 42496K, used 6173K [0x00000000c2200000, 0x00000000c4b80000, 0x00000000eb600000)
  object space 42496K, 14% used [0x00000000c2200000,0x00000000c2807450,0x00000000c4b80000)
 Metaspace       used 13458K, capacity 13596K, committed 13696K, reserved 1060864K
  class space    used 1623K, capacity 1650K, committed 1664K, reserved 1048576K
}
Event: 2.433 GC heap before
{Heap before GC invocations=4 (full 0):
 PSYoungGen      total 18432K, used 18400K [0x00000000eb600000, 0x00000000eda00000, 0x0000000100000000)
  eden space 15872K, 100% used [0x00000000eb600000,0x00000000ec580000,0x00000000ec580000)
  from space 2560K, 98% used [0x00000000ec580000,0x00000000ec7f8060,0x00000000ec800000)
  to   space 2560K, 0% used [0x00000000ed780000,0x00000000ed780000,0x00000000eda00000)
 ParOldGen       total 42496K, used 6173K [0x00000000c2200000, 0x00000000c4b80000, 0x00000000eb600000)
  object space 42496K, 14% used [0x00000000c2200000,0x00000000c2807450,0x00000000c4b80000)
 Metaspace       used 14628K, capacity 14772K, committed 14848K, reserved 1062912K
  class space    used 1718K, capacity 1766K, committed 1792K, reserved 1048576K
Event: 2.449 GC heap after
Heap after GC invocations=4 (full 0):
 PSYoungGen      total 34304K, used 2544K [0x00000000eb600000, 0x00000000eda00000, 0x0000000100000000)
  eden space 31744K, 0% used [0x00000000eb600000,0x00000000eb600000,0x00000000ed500000)
  from space 2560K, 99% used [0x00000000ed780000,0x00000000ed9fc080,0x00000000eda00000)
  to   space 2560K, 0% used [0x00000000ed500000,0x00000000ed500000,0x00000000ed780000)
 ParOldGen       total 42496K, used 8464K [0x00000000c2200000, 0x00000000c4b80000, 0x00000000eb600000)
  object space 42496K, 19% used [0x00000000c2200000,0x00000000c2a441e0,0x00000000c4b80000)
 Metaspace       used 14628K, capacity 14772K, committed 14848K, reserved 1062912K
  class space    used 1718K, capacity 1766K, committed 1792K, reserved 1048576K
}

Deoptimization events (10 events):
Event: 2.421 Thread 0x00000000046c3800 Uncommon trap: reason=range_check action=make_not_entrant pc=0x0000000004af6720 method=sun.reflect.generics.parser.SignatureParser.current()C @ 34
Event: 2.510 Thread 0x00000000046c3800 Uncommon trap: reason=unstable_if action=reinterpret pc=0x0000000004e5615c method=java.util.regex.Pattern$BmpCharProperty.match(Ljava/util/regex/Matcher;ILjava/lang/CharSequence;)Z @ 5
Event: 2.527 Thread 0x00000000046c3800 Uncommon trap: reason=unstable_if action=reinterpret pc=0x0000000004cb3704 method=java.lang.String.regionMatches(ZILjava/lang/String;II)Z @ 123
Event: 2.656 Thread 0x00000000046c3800 Uncommon trap: reason=bimorphic action=maybe_recompile pc=0x0000000004d3d3dc method=java.util.regex.Pattern$CharProperty.match(Ljava/util/regex/Matcher;ILjava/lang/CharSequence;)Z @ 18
Event: 2.656 Thread 0x00000000046c3800 Uncommon trap: reason=unstable_if action=reinterpret pc=0x0000000004ebb81c method=java.util.regex.Pattern$Start.match(Ljava/util/regex/Matcher;ILjava/lang/CharSequence;)Z @ 47
Event: 2.657 Thread 0x00000000046c3800 Uncommon trap: reason=bimorphic action=maybe_recompile pc=0x0000000004d3d3dc method=java.util.regex.Pattern$CharProperty.match(Ljava/util/regex/Matcher;ILjava/lang/CharSequence;)Z @ 18
Event: 2.704 Thread 0x00000000046c3800 Uncommon trap: reason=unstable_if action=reinterpret pc=0x0000000004ab6c14 method=sun.misc.MetaIndex.mayContain(Ljava/lang/String;)Z @ 38
Event: 2.715 Thread 0x00000000046c3800 Uncommon trap: reason=unstable_if action=reinterpret pc=0x0000000004b76df4 method=java.util.HashMap.putVal(ILjava/lang/Object;Ljava/lang/Object;ZZ)Ljava/lang/Object; @ 236
Event: 2.743 Thread 0x00000000046c3800 Uncommon trap: reason=unstable_if action=reinterpret pc=0x0000000004d99f30 method=java.net.URI.match(CJJ)Z @ 19
Event: 2.775 Thread 0x00000000046c3800 Uncommon trap: reason=unstable_if action=reinterpret pc=0x0000000004bb5e34 method=java.util.LinkedHashMap.get(Ljava/lang/Object;)Ljava/lang/Object; @ 20

Internal exceptions (10 events):
Event: 1.333 Thread 0x00000000046c3800 Exception <a 'java/security/PrivilegedActionException'> (0x00000000eb706268) thrown at [C:\re\workspace\8-2-build-windows-amd64-cygwin\jdk8u144\9417\hotspot\src\share\vm\prims\jvm.cpp, line 1390]
Event: 1.333 Thread 0x00000000046c3800 Exception <a 'java/security/PrivilegedActionException'> (0x00000000eb706848) thrown at [C:\re\workspace\8-2-build-windows-amd64-cygwin\jdk8u144\9417\hotspot\src\share\vm\prims\jvm.cpp, line 1390]
Event: 1.333 Thread 0x00000000046c3800 Exception <a 'java/security/PrivilegedActionException'> (0x00000000eb70f768) thrown at [C:\re\workspace\8-2-build-windows-amd64-cygwin\jdk8u144\9417\hotspot\src\share\vm\prims\jvm.cpp, line 1390]
Event: 1.333 Thread 0x00000000046c3800 Exception <a 'java/security/PrivilegedActionException'> (0x00000000eb70fd48) thrown at [C:\re\workspace\8-2-build-windows-amd64-cygwin\jdk8u144\9417\hotspot\src\share\vm\prims\jvm.cpp, line 1390]
Event: 1.979 Thread 0x00000000046c3800 Implicit null exception at 0x0000000004af25d5 to 0x0000000004af27ad
Event: 2.428 Thread 0x00000000046c3800 Exception <a 'java/lang/ArrayIndexOutOfBoundsException': 65> (0x00000000ec53f388) thrown at [C:\re\workspace\8-2-build-windows-amd64-cygwin\jdk8u144\9417\hotspot\src\share\vm\interpreter\interpreterRuntime.cpp, line 366]
Event: 2.431 Thread 0x00000000046c3800 Exception <a 'java/lang/ArrayIndexOutOfBoundsException': 60> (0x00000000ec545018) thrown at [C:\re\workspace\8-2-build-windows-amd64-cygwin\jdk8u144\9417\hotspot\src\share\vm\interpreter\interpreterRuntime.cpp, line 366]
Event: 2.699 Thread 0x00000000046c3800 Exception <a 'java/lang/NoClassDefFoundError': org/apache/log4j/Category> (0x00000000ebbd3040) thrown at [C:\re\workspace\8-2-build-windows-amd64-cygwin\jdk8u144\9417\hotspot\src\share\vm\classfile\systemDictionary.cpp, line 199]
Event: 3.001 Thread 0x00000000046c3800 Exception <a 'java/lang/NoSuchFieldError': method resolution failed> (0x00000000ebf68ab0) thrown at [C:\re\workspace\8-2-build-windows-amd64-cygwin\jdk8u144\9417\hotspot\src\share\vm\prims\methodHandles.cpp, line 1146]
Event: 3.017 Thread 0x00000000046c3800 Exception <a 'java/lang/NoSuchFieldError': method resolution failed> (0x00000000ebf76540) thrown at [C:\re\workspace\8-2-build-windows-amd64-cygwin\jdk8u144\9417\hotspot\src\share\vm\prims\methodHandles.cpp, line 1146]

Events (10 events):
Event: 3.023 loading class java/lang/invoke/LambdaFormEditor$Transform
Event: 3.023 loading class java/lang/invoke/LambdaFormEditor$Transform done
Event: 3.023 loading class java/lang/invoke/LambdaFormBuffer
Event: 3.023 loading class java/lang/invoke/LambdaFormBuffer done
Event: 3.028 loading class java/lang/invoke/BoundMethodHandle$SpeciesData$1
Event: 3.028 loading class java/lang/invoke/BoundMethodHandle$SpeciesData$1 done
Event: 3.028 loading class java/lang/invoke/BoundMethodHandle$Factory$1
Event: 3.028 loading class java/lang/invoke/BoundMethodHandle$Factory$1 done
Event: 3.028 loading class java/util/concurrent/ConcurrentHashMap$ReservationNode
Event: 3.028 loading class java/util/concurrent/ConcurrentHashMap$ReservationNode done


Dynamic libraries:
0x00007ff7e2120000 - 0x00007ff7e2157000 	C:\Program Files\Java\jre1.8.0_144\bin\javaw.exe
0x00007fffb87d0000 - 0x00007fffb89b0000 	C:\WINDOWS\SYSTEM32\ntdll.dll
0x00007fffb6480000 - 0x00007fffb652e000 	C:\WINDOWS\System32\KERNEL32.dll
0x00007fffab100000 - 0x00007fffab23a000 	C:\Windows\system32\hmpalert.dll
0x00007fffb5180000 - 0x00007fffb53e6000 	C:\WINDOWS\System32\KERNELBASE.dll
0x00007fffb6530000 - 0x00007fffb65d1000 	C:\WINDOWS\System32\ADVAPI32.dll
0x00007fffb68a0000 - 0x00007fffb693d000 	C:\WINDOWS\System32\msvcrt.dll
0x00007fffb63c0000 - 0x00007fffb641b000 	C:\WINDOWS\System32\sechost.dll
0x00007fffb5ca0000 - 0x00007fffb5dbf000 	C:\WINDOWS\System32\RPCRT4.dll
0x00007fffb85a0000 - 0x00007fffb872f000 	C:\WINDOWS\System32\USER32.dll
0x00007fffb5160000 - 0x00007fffb5180000 	C:\WINDOWS\System32\win32u.dll
0x00007fffb6700000 - 0x00007fffb6728000 	C:\WINDOWS\System32\GDI32.dll
0x00007fffb4fc0000 - 0x00007fffb5153000 	C:\WINDOWS\System32\gdi32full.dll
0x00007fffb4da0000 - 0x00007fffb4e3b000 	C:\WINDOWS\System32\msvcp_win.dll
0x00007fffb5450000 - 0x00007fffb5546000 	C:\WINDOWS\System32\ucrtbase.dll
0x00007fffa91b0000 - 0x00007fffa9419000 	C:\WINDOWS\WinSxS\amd64_microsoft.windows.common-controls_6595b64144ccf1df_6.0.16299.431_none_15c7d3ee93659e73\COMCTL32.dll
0x00007fffb60b0000 - 0x00007fffb63b8000 	C:\WINDOWS\System32\combase.dll
0x00007fffb4f40000 - 0x00007fffb4fb2000 	C:\WINDOWS\System32\bcryptPrimitives.dll
0x00007fffb8570000 - 0x00007fffb859d000 	C:\WINDOWS\System32\IMM32.DLL
0x0000000067df0000 - 0x0000000067e29000 	C:\PROGRA~2\Sophos\SOPHOS~1\SOPHOS~2.DLL
0x00007fffb6c60000 - 0x00007fffb6c68000 	C:\WINDOWS\System32\PSAPI.DLL
0x0000000066760000 - 0x0000000066832000 	C:\Program Files\Java\jre1.8.0_144\bin\msvcr100.dll
0x0000000066900000 - 0x000000006719d000 	C:\Program Files\Java\jre1.8.0_144\bin\server\jvm.dll
0x00007fffb2ae0000 - 0x00007fffb2b03000 	C:\WINDOWS\SYSTEM32\WINMM.dll
0x00007fffa6190000 - 0x00007fffa6199000 	C:\WINDOWS\SYSTEM32\WSOCK32.dll
0x00007fffb8730000 - 0x00007fffb879c000 	C:\WINDOWS\System32\WS2_32.dll
0x00007fffb2a80000 - 0x00007fffb2aaa000 	C:\WINDOWS\SYSTEM32\winmmbase.dll
0x00007fffb4e40000 - 0x00007fffb4e8a000 	C:\WINDOWS\System32\cfgmgr32.dll
0x00007fffa6db0000 - 0x00007fffa6dba000 	C:\WINDOWS\SYSTEM32\VERSION.dll
0x0000000067d00000 - 0x0000000067d0f000 	C:\Program Files\Java\jre1.8.0_144\bin\verify.dll
0x0000000067cd0000 - 0x0000000067cf9000 	C:\Program Files\Java\jre1.8.0_144\bin\java.dll
0x0000000067cb0000 - 0x0000000067cc6000 	C:\Program Files\Java\jre1.8.0_144\bin\zip.dll
0x00007fffb70c0000 - 0x00007fffb84f8000 	C:\WINDOWS\System32\SHELL32.dll
0x00007fffb5dc0000 - 0x00007fffb5e66000 	C:\WINDOWS\System32\shcore.dll
0x00007fffb5550000 - 0x00007fffb5c97000 	C:\WINDOWS\System32\windows.storage.dll
0x00007fffb8510000 - 0x00007fffb8561000 	C:\WINDOWS\System32\shlwapi.dll
0x00007fffb4b20000 - 0x00007fffb4b31000 	C:\WINDOWS\System32\kernel.appcore.dll
0x00007fffb4b40000 - 0x00007fffb4b8c000 	C:\WINDOWS\System32\powrprof.dll
0x00007fffb4bb0000 - 0x00007fffb4bcb000 	C:\WINDOWS\System32\profapi.dll
0x0000000067c90000 - 0x0000000067caa000 	C:\Program Files\Java\jre1.8.0_144\bin\net.dll
0x00007fffb4350000 - 0x00007fffb43b6000 	C:\WINDOWS\system32\mswsock.dll
0x00007fffb4120000 - 0x00007fffb41d6000 	C:\WINDOWS\SYSTEM32\DNSAPI.dll
0x00007fffb66f0000 - 0x00007fffb66f8000 	C:\WINDOWS\System32\NSI.dll
0x00007fffb40e0000 - 0x00007fffb4119000 	C:\WINDOWS\SYSTEM32\IPHLPAPI.DLL
0x00007fffaf070000 - 0x00007fffaf07a000 	C:\Windows\System32\rasadhlp.dll
0x00007fffb0f90000 - 0x00007fffb1000000 	C:\WINDOWS\System32\fwpuclnt.dll
0x00007fffb4620000 - 0x00007fffb4645000 	C:\WINDOWS\SYSTEM32\bcrypt.dll
0x00007fffb4510000 - 0x00007fffb4527000 	C:\WINDOWS\SYSTEM32\CRYPTSP.dll
0x00007fffb3f50000 - 0x00007fffb3f83000 	C:\WINDOWS\system32\rsaenh.dll
0x00007fffb4a20000 - 0x00007fffb4a49000 	C:\WINDOWS\SYSTEM32\USERENV.dll
0x00007fffb4530000 - 0x00007fffb453b000 	C:\WINDOWS\SYSTEM32\CRYPTBASE.dll
0x00007fffb09e0000 - 0x00007fffb09f6000 	C:\WINDOWS\SYSTEM32\dhcpcsvc6.DLL
0x00007fffb05b0000 - 0x00007fffb05ca000 	C:\WINDOWS\SYSTEM32\dhcpcsvc.DLL
0x0000000067c70000 - 0x0000000067c81000 	C:\Program Files\Java\jre1.8.0_144\bin\nio.dll
0x00000000668d0000 - 0x00000000668f4000 	C:\Program Files\Java\jre1.8.0_144\bin\sunec.dll
0x00007fffa1ba0000 - 0x00007fffa1d68000 	C:\WINDOWS\SYSTEM32\dbghelp.dll

VM Arguments:
jvm_args: -ea -Dfile.encoding=Cp1252 
java_command: org.testng.remote.RemoteTestNG -serport 27304 -protocol json -d D:\Eclipse\workspace\Job_management\test-output D:\Eclipse\workspace\Job_management\JobTestNG.xml
java_class_path (initial): D:\Brinder\eclipse-jee-juno-SR2-win32-x86_64 (1)\eclipse\plugins\org.testng.eclipse_6.11.0.201703011520\lib\testng-remote.jar;D:\Eclipse\workspace\Job_management\bin;D:\Eclipse\workspace\Job_management\Jars\apache-mime4j-0.6.jar;D:\Eclipse\workspace\Job_management\Jars\bsh-1.3.0.jar;D:\Eclipse\workspace\Job_management\Jars\cglib-nodep-2.1_3.jar;D:\Eclipse\workspace\Job_management\Jars\commons-codec-1.10.jar;D:\Eclipse\workspace\Job_management\Jars\commons-collections-3.2.1.jar;D:\Eclipse\workspace\Job_management\Jars\commons-exec-1.3.jar;D:\Eclipse\workspace\Job_management\Jars\commons-io-2.4.jar;D:\Eclipse\workspace\Job_management\Jars\commons-lang3-3.4.jar;D:\Eclipse\workspace\Job_management\Jars\commons-logging-1.1.3.jar;D:\Eclipse\workspace\Job_management\Jars\cssparser-0.9.16.jar;D:\Eclipse\workspace\Job_management\Jars\dom4j-1.6.1.jar;D:\Eclipse\workspace\Job_management\Jars\gson-2.3.1.jar;D:\Eclipse\workspace\Job_management\Jars\guava-18.0.jar;D:\Eclipse\workspace\Job_management\Jars\hamcrest-core-1.3.jar;D:\Eclipse\workspace\Job_management\Jars\hamcrest-library-1.3.jar;D:\Eclipse\workspace\Job_management\Jars\htmlunit-2.17.jar;D:\Eclipse\workspace\Job_management\Jars\htmlunit-core-js-2.17.jar;D:\Eclipse\workspace\Job_management\Jars\httpclient-4.4.1.jar;D:\Eclipse\workspace\Job_management\Jars\httpcore-4.4.1.jar;D:\Eclipse\workspace\Job_management\Jars\httpmime-4.4.1.jar;D:\Eclipse\workspace\Job_management\Jars\jcommander-1.29.jar;D:\Eclipse\workspace\Job_management\Jars\jetty-io-9.2.11.v20150529.jar;D:\Eclipse\workspace\Job_management\Jars\jetty-util-9.2.11.v20150529.jar;D:\Eclipse\workspace\Job_management\Jars\jna-4.1.0.jar;D:\Eclipse\workspace\Job_management\Jars\jna-platform-4.1.0.jar;D:\Eclipse\workspace\Job_management\Jars\junit-4.12.jar;D:\Eclipse\workspace\Job_management\Jars\MonteScreenRecorder.jar;D:\Eclipse\workspace\Job_management\Jars\nekohtml-1.9.22.jar;D:\Eclipse\workspace\Job_management\Jars\netty-3.5.7.Final.jar;
Launcher Type: SUN_STANDARD

Environment Variables:
JAVA_HOME=C:\Program Files\Java\jdk1.8.0_144
JRE_HOME=C:\Program Files\Java\jre1.8.0_144
PATH=C:/Program Files/Java/jre1.8.0_144/bin/server;C:/Program Files/Java/jre1.8.0_144/bin;C:/Program Files/Java/jre1.8.0_144/lib/amd64;C:\ProgramData\Oracle\Java\javapath;C:\WINDOWS\system32;C:\WINDOWS;C:\WINDOWS\System32\Wbem;C:\WINDOWS\System32\WindowsPowerShell\v1.0\;C:\Program Files (x86)\Microsoft SQL Server\110\Tools\Binn\;C:\Program Files\Microsoft SQL Server\110\Tools\Binn\;C:\Program Files\Microsoft SQL Server\110\DTS\Binn\;C:\Program Files (x86)\Microsoft SQL Server\110\Tools\Binn\ManagementStudio\;C:\Program Files (x86)\Microsoft SQL Server\110\DTS\Binn\;C:\Program Files\Microsoft SQL Server\120\Tools\Binn\;C:\Program Files (x86)\Windows Kits\10\Windows Performance Toolkit\;C:\Program Files (x86)\Microsoft Emulator Manager\1.0\;C:\Program Files (x86)\nodejs\;C:\Program Files\Java\jdk1.8.0_144\bin;C:\Program Files\Java\jre1.8.0_144\bin;D:\Brinder\S Data\apache-maven-3.3.9-bin\apache-maven-3.3.9\bin;D:\Brinder\SDK\tools;D:\Brinder\SDK\platform-tools;C:\Program Files\dotnet\;C:\Program Files\Microsoft SQL Server\130\Tools\Binn\;C:\Program Files (x86)\Microsoft SQL Server\Client SDK\ODBC\130\Tools\Binn\;C:\Program Files (x86)\Microsoft SQL Server\130\Tools\Binn\;C:\Program Files (x86)\Microsoft SQL Server\130\DTS\Binn\;C:\Program Files (x86)\Microsoft SQL Server\130\Tools\Binn\ManagementStudio\;D:\Brinder\S Data\Sikuli\libs;C:\Users\brinderjeet.singh\AppData\Local\Microsoft\WindowsApps;C:\Users\brinderjeet.singh\AppData\Local\Programs\Git\cmd;;D:\Brinder\eclipse-jee-juno-SR2-win32-x86_64 (1)\eclipse;
USERNAME=Brinderjeet.Singh
OS=Windows_NT
PROCESSOR_IDENTIFIER=Intel64 Family 6 Model 23 Stepping 6, GenuineIntel



---------------  S Y S T E M  ---------------

OS: Windows 10.0 , 64 bit Build 16299 (10.0.16299.431)

CPU:total 2 (initial active 2) (2 cores per cpu, 1 threads per core) family 6 model 23 stepping 6, cmov, cx8, fxsr, mmx, sse, sse2, sse3, ssse3, sse4.1, tsc

Memory: 4k page, physical 4050728k(1282372k free), swap 7982888k(2112548k free)

vm_info: Java HotSpot(TM) 64-Bit Server VM (25.144-b01) for windows-amd64 JRE (1.8.0_144-b01), built on Jul 21 2017 21:57:33 by "java_re" with MS VC++ 10.0 (VS2010)

time: Mon May 21 15:16:56 2018
elapsed time: 3 seconds (0d 0h 0m 3s)

